[debug] [2022-06-11T15:33:13.743Z] ----------------------------------------------------------------------
[debug] [2022-06-11T15:33:13.746Z] Command:       C:\Program Files\nodejs\node.exe C:\Users\Tanvir Ahmed\AppData\Roaming\npm\node_modules\firebase-tools\lib\bin\firebase.js init
[debug] [2022-06-11T15:33:13.746Z] CLI Version:   10.7.0
[debug] [2022-06-11T15:33:13.746Z] Platform:      win32
[debug] [2022-06-11T15:33:13.746Z] Node Version:  v16.14.0
[debug] [2022-06-11T15:33:13.748Z] Time:          Sat Jun 11 2022 21:33:13 GMT+0600 (বাংলাদেশ মানক সময়)
[debug] [2022-06-11T15:33:13.748Z] ----------------------------------------------------------------------
[debug] 
[debug] [2022-06-11T15:33:13.752Z] >>> [apiv2][query] GET https://firebase-public.firebaseio.com/cli.json [none]
[debug] [2022-06-11T15:33:13.779Z] > command requires scopes: ["email","openid","https://www.googleapis.com/auth/cloudplatformprojects.readonly","https://www.googleapis.com/auth/firebase","https://www.googleapis.com/auth/cloud-platform"]
[debug] [2022-06-11T15:33:13.779Z] > authorizing via signed-in user (tanvir.bd.global@gmail.com)
[info] 
     ######## #### ########  ######## ########     ###     ######  ########
     ##        ##  ##     ## ##       ##     ##  ##   ##  ##       ##
     ######    ##  ########  ######   ########  #########  ######  ######
     ##        ##  ##    ##  ##       ##     ## ##     ##       ## ##
     ##       #### ##     ## ######## ########  ##     ##  ######  ########

You're about to initialize a Firebase project in this directory:

  C:\Web-Devloper\tanvir-protfolio-v2.0

Before we get started, keep in mind:

  * You are currently outside your home directory

[debug] [2022-06-11T15:33:14.825Z] <<< [apiv2][status] GET https://firebase-public.firebaseio.com/cli.json 200
[debug] [2022-06-11T15:33:14.826Z] <<< [apiv2][body] GET https://firebase-public.firebaseio.com/cli.json {"cloudBuildErrorAfter":1594252800000,"cloudBuildWarnAfter":1590019200000,"defaultNode10After":1594252800000,"minVersion":"3.0.5","node8DeploysDisabledAfter":1613390400000,"node8RuntimeDisabledAfter":1615809600000,"node8WarnAfter":1600128000000}
[info] 
=== Project Setup
[info] 
[info] First, let's associate this project directory with a Firebase project.
[info] You can create multiple project aliases by running firebase use --add, 
[info] but for now we'll just set up a default project.
[info] 
[debug] [2022-06-11T15:33:31.869Z] > refreshing access token with scopes: []
[debug] [2022-06-11T15:33:31.870Z] >>> HTTP REQUEST POST https://www.googleapis.com/oauth2/v3/token  
 <request body omitted>
[debug] [2022-06-11T15:33:32.166Z] <<< HTTP RESPONSE 200 {"cache-control":"no-cache, no-store, max-age=0, must-revalidate","date":"Sat, 11 Jun 2022 15:33:32 GMT","pragma":"no-cache","expires":"Mon, 01 Jan 1990 00:00:00 GMT","content-type":"application/json; charset=utf-8","vary":"X-Origin, Referer, Origin,Accept-Encoding","server":"scaffolding on HTTPServer2","x-xss-protection":"0","x-frame-options":"SAMEORIGIN","x-content-type-options":"nosniff","alt-svc":"h3=\":443\"; ma=2592000,h3-29=\":443\"; ma=2592000,h3-Q050=\":443\"; ma=2592000,h3-Q046=\":443\"; ma=2592000,h3-Q043=\":443\"; ma=2592000,quic=\":443\"; ma=2592000; v=\"46,43\"","accept-ranges":"none","transfer-encoding":"chunked"}
[debug] [2022-06-11T15:33:32.183Z] >>> [apiv2][query] GET https://firebase.googleapis.com/v1beta1/projects pageSize=100
[debug] [2022-06-11T15:33:32.967Z] <<< [apiv2][status] GET https://firebase.googleapis.com/v1beta1/projects 200
[debug] [2022-06-11T15:33:32.968Z] <<< [apiv2][body] GET https://firebase.googleapis.com/v1beta1/projects [omitted]
